TN:
SF:C:\xampp3\htdocs\playground\__tests__\trolly.spec.js
FN:3,_interopRequireDefault
FN:9,(anonymous_2)
FN:10,(anonymous_3)
FNF:3
FNH:3
FNDA:1,_interopRequireDefault
FNDA:1,(anonymous_2)
FNDA:1,(anonymous_3)
DA:0,1
DA:3,1
DA:4,1
DA:5,1
LF:4
LH:4
BRDA:3,1,0,0
BRDA:3,1,1,1
BRDA:3,2,0,1
BRDA:3,2,1,1
BRF:4
BRH:4
end_of_record
TN:
SF:C:\xampp3\htdocs\playground\src\index.js
FN:7,_interopRequireDefault
FNF:1
FNH:1
FNDA:1,_interopRequireDefault
DA:0,1
DA:3,1
LF:2
LH:2
BRDA:7,1,0,0
BRDA:7,1,1,1
BRDA:7,2,0,1
BRDA:7,2,1,1
BRF:4
BRH:4
end_of_record
TN:
SF:C:\xampp3\htdocs\playground\src\foo.js
FN:8,a
FNF:1
FNH:1
FNDA:1,a
DA:0,1
DA:1,1
DA:3,1
DA:4,1
LF:4
LH:4
BRF:0
BRH:0
end_of_record
